<?xml version="1.0" encoding="UTF-8"?>
<!-- Generated by org.testng.reporters.JUnitXMLReporter -->
<testsuite ignored="4" hostname="DESKTOP-UG71NEM" failures="0" tests="2" name="Surefire test" time="10.68" errors="0" timestamp="2024-04-01T15:18:25 IST">
  <testcase classname="TestCases.Demo" name="test1" time="0.016"/>
  <testcase classname="TestCases.Demo" name="test2" time="0.0"/>
  <testcase classname="TestCases.TC_02_DATTestCase" name="loginTest" time="0.0">
    <ignored/>
  </testcase> <!-- loginTest -->
  <testcase classname="TestCases.TC_01_LoginTest" name="loginTest" time="0.0">
    <ignored/>
  </testcase> <!-- loginTest -->
  <testcase classname="TestCases.Demo" name="test4" time="0.0">
    <ignored/>
  </testcase> <!-- test4 -->
  <testcase classname="TestCases.Demo" name="test3" time="0.0">
    <ignored/>
  </testcase> <!-- test3 -->
</testsuite> <!-- Surefire test -->
