<?xml version="1.0" encoding="UTF-8"?>
<!-- Generated by org.testng.reporters.JUnitXMLReporter -->
<testsuite ignored="0" hostname="DESKTOP-UG71NEM" failures="0" tests="4" name="Default test" time="21.13" errors="0" timestamp="2024-04-01T15:09:17 IST">
  <testcase classname="TestCases.Demo" name="test1" time="0.0"/>
  <testcase classname="TestCases.Demo" name="test2" time="0.022"/>
  <testcase classname="TestCases.Demo" name="test3" time="0.063"/>
  <testcase classname="TestCases.Demo" name="test4" time="0.004"/>
</testsuite> <!-- Default test -->
