<?xml version="1.0" encoding="UTF-8"?>
<testng-results ignored="4" total="6" passed="2" failed="0" skipped="0">
  <reporter-output>
  </reporter-output>
  <suite started-at="2024-04-01T15:18:14 IST" name="Surefire suite" finished-at="2024-04-01T15:18:25 IST" duration-ms="10680">
    <groups>
    </groups>
    <test started-at="2024-04-01T15:18:14 IST" name="Surefire test" finished-at="2024-04-01T15:18:25 IST" duration-ms="10680">
      <class name="TestCases.Demo">
        <test-method is-config="true" signature="setUp()[pri:0, instance:TestCases.Demo@73e22a3d]" started-at="2024-04-01T15:18:14 IST" name="setUp" finished-at="2024-04-01T15:18:24 IST" duration-ms="9566" status="PASS">
          <reporter-output>
          </reporter-output>
        </test-method> <!-- setUp -->
        <test-method signature="test1()[pri:0, instance:TestCases.Demo@73e22a3d]" started-at="2024-04-01T15:18:24 IST" name="test1" finished-at="2024-04-01T15:18:24 IST" duration-ms="16" status="PASS">
          <reporter-output>
          </reporter-output>
        </test-method> <!-- test1 -->
        <test-method signature="test2()[pri:0, instance:TestCases.Demo@73e22a3d]" started-at="2024-04-01T15:18:24 IST" name="test2" finished-at="2024-04-01T15:18:24 IST" duration-ms="0" status="PASS">
          <reporter-output>
          </reporter-output>
        </test-method> <!-- test2 -->
        <test-method is-config="true" signature="tearUp()[pri:0, instance:TestCases.Demo@73e22a3d]" started-at="2024-04-01T15:18:24 IST" name="tearUp" finished-at="2024-04-01T15:18:25 IST" duration-ms="989" status="PASS">
          <reporter-output>
          </reporter-output>
        </test-method> <!-- tearUp -->
      </class> <!-- TestCases.Demo -->
    </test> <!-- Surefire test -->
  </suite> <!-- Surefire suite -->
</testng-results>
