<?xml version="1.0" encoding="UTF-8"?>
<testng-results ignored="0" total="4" passed="4" failed="0" skipped="0">
  <reporter-output>
  </reporter-output>
  <suite started-at="2024-04-01T15:08:56 IST" name="Default suite" finished-at="2024-04-01T15:09:17 IST" duration-ms="21130">
    <groups>
    </groups>
    <test started-at="2024-04-01T15:08:56 IST" name="Default test" finished-at="2024-04-01T15:09:17 IST" duration-ms="21130">
      <class name="TestCases.Demo">
        <test-method is-config="true" signature="setUp()[pri:0, instance:TestCases.Demo@909217e]" started-at="2024-04-01T15:08:56 IST" name="setUp" finished-at="2024-04-01T15:09:15 IST" duration-ms="18590" status="PASS">
          <reporter-output>
          </reporter-output>
        </test-method> <!-- setUp -->
        <test-method signature="test1()[pri:0, instance:TestCases.Demo@909217e]" started-at="2024-04-01T15:09:15 IST" name="test1" finished-at="2024-04-01T15:09:15 IST" duration-ms="0" status="PASS">
          <reporter-output>
          </reporter-output>
        </test-method> <!-- test1 -->
        <test-method signature="test2()[pri:0, instance:TestCases.Demo@909217e]" started-at="2024-04-01T15:09:15 IST" name="test2" finished-at="2024-04-01T15:09:15 IST" duration-ms="22" status="PASS">
          <reporter-output>
          </reporter-output>
        </test-method> <!-- test2 -->
        <test-method signature="test3()[pri:0, instance:TestCases.Demo@909217e]" started-at="2024-04-01T15:09:15 IST" name="test3" finished-at="2024-04-01T15:09:15 IST" duration-ms="63" status="PASS">
          <reporter-output>
          </reporter-output>
        </test-method> <!-- test3 -->
        <test-method signature="test4()[pri:0, instance:TestCases.Demo@909217e]" started-at="2024-04-01T15:09:15 IST" name="test4" finished-at="2024-04-01T15:09:15 IST" duration-ms="4" status="PASS">
          <reporter-output>
          </reporter-output>
        </test-method> <!-- test4 -->
        <test-method is-config="true" signature="tearUp()[pri:0, instance:TestCases.Demo@909217e]" started-at="2024-04-01T15:09:15 IST" name="tearUp" finished-at="2024-04-01T15:09:17 IST" duration-ms="2194" status="PASS">
          <reporter-output>
          </reporter-output>
        </test-method> <!-- tearUp -->
      </class> <!-- TestCases.Demo -->
    </test> <!-- Default test -->
  </suite> <!-- Default suite -->
</testng-results>
